2019-05-08 6:03:39 PM	Этот журнал содержит сведения об операции импорта схемы в проект "TextEditorDatabase" на компьютере "DESKTOP-SM8PC38", выполненной пользователем "home".
2019-05-08 6:03:39 PM	Импорт схемы базы данных начат.
2019-05-08 6:03:45 PM	Идет сбор учетных данных для базы данных
2019-05-08 6:03:45 PM	Идет сбор параметров базы данных
2019-05-08 6:03:45 PM	Собирается параметр конфигурации области универсальной базы данных
2019-05-08 6:03:45 PM	Идет сбор пользователей
2019-05-08 6:03:45 PM	Идет сбор ролей
2019-05-08 6:03:45 PM	Идет сбор ролей приложений
2019-05-08 6:03:45 PM	Идет сбор членств ролей
2019-05-08 6:03:45 PM	Идет сбор файловых групп
2019-05-08 6:03:45 PM	Идет сбор полнотекстовых каталогов
2019-05-08 6:03:45 PM	Идет сбор сборок
2019-05-08 6:03:45 PM	Идет сбор сертификатов
2019-05-08 6:03:45 PM	Идет сбор асимметричных ключей
2019-05-08 6:03:45 PM	Идет сбор симметричных ключей
2019-05-08 6:03:45 PM	Идет сбор зашифрованных симметричных ключей
2019-05-08 6:03:45 PM	Идет сбор схем
2019-05-08 6:03:45 PM	Идет сбор коллекции схем XML
2019-05-08 6:03:45 PM	Идет сбор определяемых пользователем типов данных
2019-05-08 6:03:45 PM	Идет сбор определяемых пользователем типов
2019-05-08 6:03:45 PM	Идет сбор табличных типов
2019-05-08 6:03:45 PM	Сбор уникальных ключей для табличных типов
2019-05-08 6:03:45 PM	Идет сбор первичных ключей для табличных типов
2019-05-08 6:03:45 PM	Сбор индексов для табличных типов
2019-05-08 6:03:45 PM	Идет сбор проверочных ограничений для табличных типов
2019-05-08 6:03:45 PM	Идет сбор ограничений по умолчанию для табличных типов
2019-05-08 6:03:45 PM	Идет сбор функций секционирования
2019-05-08 6:03:45 PM	Идет сбор схем секционирования
2019-05-08 6:03:45 PM	Идет сбор функций
2019-05-08 6:03:45 PM	Сбор зашифрованных функций
2019-05-08 6:03:45 PM	Идет сбор статистических выражений
2019-05-08 6:03:45 PM	Идет сбор процедур
2019-05-08 6:03:45 PM	Сбор зашифрованных процедур
2019-05-08 6:03:45 PM	Идет сбор таблиц
2019-05-08 6:03:45 PM	Идет сбор первичных ключей
2019-05-08 6:03:45 PM	Идет сбор ограничений уникальности
2019-05-08 6:03:45 PM	Идет сбор внешних ключей
2019-05-08 6:03:45 PM	Идет сбор ограничений по умолчанию
2019-05-08 6:03:45 PM	Идет сбор проверочных ограничений
2019-05-08 6:03:45 PM	Идет сбор представлений
2019-05-08 6:03:45 PM	Сбор зашифрованных представлений
2019-05-08 6:03:45 PM	Идет сбор индексов
2019-05-08 6:03:45 PM	Идет сбор статистики
2019-05-08 6:03:45 PM	Идет сбор списков стоп-слов полнотекстовых индексов
2019-05-08 6:03:45 PM	Сбор списков свойств поиска
2019-05-08 6:03:45 PM	Сбор свойств поиска
2019-05-08 6:03:45 PM	Идет сбор полнотекстовых индексов
2019-05-08 6:03:45 PM	Сбор индексов хранилища столбцов
2019-05-08 6:03:45 PM	Идет сбор пространственных индексов
2019-05-08 6:03:45 PM	Идет сбор XML-индексов
2019-05-08 6:03:45 PM	Сбор селективных XML-индексов
2019-05-08 6:03:45 PM	Сбор зашифрованных триггеров
2019-05-08 6:03:45 PM	Идет сбор триггеров
2019-05-08 6:03:45 PM	Идет сбор зашифрованных триггеров и триггеров ddl clr
2019-05-08 6:03:45 PM	Идет сбор триггеров ddl
2019-05-08 6:03:45 PM	Идет сбор синонимов
2019-05-08 6:03:45 PM	Идет сбор значений по умолчанию
2019-05-08 6:03:45 PM	Идет сбор привязок uddt ограничений данных
2019-05-08 6:03:45 PM	Идет сбор правил
2019-05-08 6:03:45 PM	Идет сбор привязок uddt ограничений данных
2019-05-08 6:03:45 PM	Идет сбор типов сообщений
2019-05-08 6:03:45 PM	Идет сбор списков ожидания
2019-05-08 6:03:45 PM	Идет сбор контрактов
2019-05-08 6:03:45 PM	Идет сбор служб
2019-05-08 6:03:45 PM	Идет сбор уведомлений о событиях
2019-05-08 6:03:45 PM	Идет сбор привязок удаленных служб
2019-05-08 6:03:45 PM	Идет сбор приоритетов брокера
2019-05-08 6:03:45 PM	Идет сбор подписей
2019-05-08 6:03:45 PM	Идет сбор параметров сжатия данных
2019-05-08 6:03:45 PM	Сбор типов последовательностей
2019-05-08 6:03:45 PM	Идет сбор политик безопасности
2019-05-08 6:03:45 PM	Сбор ключей шифрования столбцов
2019-05-08 6:03:45 PM	Сбор главных ключей столбцов
2019-05-08 6:03:45 PM	Выполняется сбор внешних источников данных
2019-05-08 6:03:45 PM	Выполняется сбор внешних форматов файлов
2019-05-08 6:03:45 PM	Выполняется сбор внешних таблиц
2019-05-08 6:03:45 PM	Идет сбор расширенных свойств
2019-05-08 6:03:45 PM	Идет сбор учетных данных
2019-05-08 6:03:45 PM	Идет сбор имен входа
2019-05-08 6:03:45 PM	Идет сбор аудитов сервера
2019-05-08 6:03:47 PM	Выполняется проверка проекта на наличие повторяющихся элементов
2019-05-08 6:03:47 PM	Обработка повторяющегося элемента завершена
2019-05-08 6:03:48 PM	Импорт базы данных завершен.
2019-05-08 6:03:48 PM	summary операции импорта была сохранена по следующему пути: D:\Anzhelika\TextEditor\TextEditorDatabase\Журналы импорта схем\TextEditorDatabase_20190508030339.log
2019-05-08 6:03:48 PM	Для продолжения нажмите кнопку ''Готово''...
